[10404:14208:0429/202552.939:INFO:chrome_browser_cloud_management_controller.cc(202)] No machine level policy manager exists.
[15988:7900:0429/202553.173:INFO:cpu_info.cc(53)] Available number of cores: 8
[23316:2060:0429/202553.187:INFO:cpu_info.cc(53)] Available number of cores: 8
[6868:18192:0429/202553.588:INFO:cpu_info.cc(53)] Available number of cores: 8
[11536:29196:0429/202553.891:INFO:cpu_info.cc(53)] Available number of cores: 8
[21552:13764:0429/202553.971:VERBOSE1:viz_main_impl.cc(85)] VizNullHypothesis is disabled (not a warning)
[21552:9516:0429/202554.300:WARNING:angle_platform_impl.cc(54)] HLSLCompiler.cpp:250 (rx::HLSLCompiler::compileToBinary): 
C:\fakepath(139,3-70): warning X3557: loop only executes for 1 iteration(s), forcing loop to unroll

[19632:18844:0429/202555.229:INFO:cpu_info.cc(53)] Available number of cores: 8
[10404:14208:0429/202556.391:INFO:CONSOLE(157)] "Event handler of 'x-storagemutated-1' event must be added on the initial evaluation of worker script.", source: https://static.whatsapp.net/rsrc.php/v4/y6/r/dMMu35k6hew.js (157)
[10404:14208:0429/202603.304:WARNING:controller_impl.cc(1187)] Background download complete, client: 6, completion type: 0, file size:5159
[10404:14208:0429/202603.683:WARNING:controller_impl.cc(1187)] Background download complete, client: 6, completion type: 0, file size:883094
[10404:14208:0429/202604.805:WARNING:controller_impl.cc(1187)] Background download complete, client: 6, completion type: 0, file size:2200227
[10404:14208:0429/202605.030:WARNING:controller_impl.cc(1187)] Background download complete, client: 6, completion type: 0, file size:45159
[10404:14208:0429/202605.260:WARNING:controller_impl.cc(1187)] Background download complete, client: 6, completion type: 0, file size:265059
[10404:14208:0429/202605.998:WARNING:controller_impl.cc(1187)] Background download complete, client: 6, completion type: 0, file size:2747169
[10404:14208:0429/202606.315:WARNING:controller_impl.cc(1187)] Background download complete, client: 6, completion type: 0, file size:4680
[10404:14208:0429/202606.587:WARNING:controller_impl.cc(1187)] Background download complete, client: 6, completion type: 0, file size:118577
[10404:14208:0429/202607.585:WARNING:controller_impl.cc(1187)] Background download complete, client: 6, completion type: 0, file size:2992963
[26960:25372:0429/202755.479:VERBOSE1:viz_main_impl.cc(85)] VizNullHypothesis is disabled (not a warning)
[24020:4900:0429/202855.904:WARNING:sqlite_persistent_store_backend_base.cc(176)] Failed to post task from FlushAndNotifyInBackground@net\extras\sqlite\sqlite_persistent_store_backend_base.cc:226 to client_task_runner_.
[24020:4900:0429/202855.905:WARNING:sqlite_persistent_store_backend_base.cc(176)] Failed to post task from FlushAndNotifyInBackground@net\extras\sqlite\sqlite_persistent_store_backend_base.cc:226 to client_task_runner_.
